
___Entering new scope...

TOKEN: IDENT 		 LEXEME: red
TOKEN: ASSIGN 		 LEXEME: =
INDEX ->  epsilon
ASSIGNMENT_EXPR -> IDENT INDEX ASSIGN EXPR
___Adding red to symbol table
TOKEN: FUNCTION 		 LEXEME: function

___Entering new scope...

TOKEN: LPAREN 		 LEXEME: (
TOKEN: IDENT 		 LEXEME: black
TOKEN: COMMA 		 LEXEME: ,
TOKEN: IDENT 		 LEXEME: gray
TOKEN: COMMA 		 LEXEME: ,
TOKEN: IDENT 		 LEXEME: white
TOKEN: RPAREN 		 LEXEME: )
PARAMS -> IDENT
___Adding white to symbol table
PARAMS -> IDENT, PARAMS
___Adding gray to symbol table
PARAMS -> IDENT, PARAMS
___Adding black to symbol table
PARAM_LIST -> PARAMS
TOKEN: LBRACE 		 LEXEME: {
TOKEN: IDENT 		 LEXEME: black
TOKEN: ASSIGN 		 LEXEME: =
INDEX ->  epsilon
ASSIGNMENT_EXPR -> IDENT INDEX ASSIGN EXPR
TOKEN: STRCONST 		 LEXEME: "one"
CONST -> STRCONST
FACTOR -> CONST
TOKEN: SEMICOLON 		 LEXEME: ;
MULT_OP_LIST -> epsilon
TERM -> FACTOR MULT_OP_LIST
ADD_OP_LIST -> epsilon
SIMPLE_ARITHLOGIC -> TERM ADD_OP_LIST
ARITHLOGIC_EXPR -> SIMPLE_ARITHLOGIC
EXPR -> ARITHLOGIC_EXPR
EXPR -> ASSIGNMENT_EXPR
TOKEN: IDENT 		 LEXEME: gray
TOKEN: ASSIGN 		 LEXEME: =
INDEX ->  epsilon
ASSIGNMENT_EXPR -> IDENT INDEX ASSIGN EXPR
TOKEN: STRCONST 		 LEXEME: "_seventeen"
CONST -> STRCONST
FACTOR -> CONST
TOKEN: SEMICOLON 		 LEXEME: ;
MULT_OP_LIST -> epsilon
TERM -> FACTOR MULT_OP_LIST
ADD_OP_LIST -> epsilon
SIMPLE_ARITHLOGIC -> TERM ADD_OP_LIST
ARITHLOGIC_EXPR -> SIMPLE_ARITHLOGIC
EXPR -> ARITHLOGIC_EXPR
EXPR -> ASSIGNMENT_EXPR
TOKEN: IDENT 		 LEXEME: white
TOKEN: ASSIGN 		 LEXEME: =
INDEX ->  epsilon
ASSIGNMENT_EXPR -> IDENT INDEX ASSIGN EXPR
TOKEN: STRCONST 		 LEXEME: "at least six"
CONST -> STRCONST
FACTOR -> CONST
TOKEN: SEMICOLON 		 LEXEME: ;
MULT_OP_LIST -> epsilon
TERM -> FACTOR MULT_OP_LIST
ADD_OP_LIST -> epsilon
SIMPLE_ARITHLOGIC -> TERM ADD_OP_LIST
ARITHLOGIC_EXPR -> SIMPLE_ARITHLOGIC
EXPR -> ARITHLOGIC_EXPR
EXPR -> ASSIGNMENT_EXPR
TOKEN: IDENT 		 LEXEME: green
TOKEN: ASSIGN 		 LEXEME: =
INDEX ->  epsilon
ASSIGNMENT_EXPR -> IDENT INDEX ASSIGN EXPR
___Adding green to symbol table
TOKEN: IDENT 		 LEXEME: yellow
TOKEN: RBRACE 		 LEXEME: }
ENTIRE_VAR -> IDENT
Line 6: Undefined identifier
