
___Entering new scope...

TOKEN: LBRACE 		 LEXEME: {
TOKEN: IDENT 		 LEXEME: banana
TOKEN: ASSIGN 		 LEXEME: =
INDEX ->  epsilon
ASSIGNMENT_EXPR -> IDENT INDEX ASSIGN EXPR
___Adding banana to symbol table
TOKEN: LIST 		 LEXEME: list
TOKEN: LPAREN 		 LEXEME: (
TOKEN: INTCONST 		 LEXEME: 5
CONST -> INTCONST
TOKEN: COMMA 		 LEXEME: ,
TOKEN: INTCONST 		 LEXEME: 6
CONST -> INTCONST
TOKEN: COMMA 		 LEXEME: ,
TOKEN: INTCONST 		 LEXEME: 7
CONST -> INTCONST
TOKEN: COMMA 		 LEXEME: ,
TOKEN: INTCONST 		 LEXEME: 8
CONST -> INTCONST
TOKEN: RPAREN 		 LEXEME: )
CONST_LIST -> CONST
CONST_LIST -> CONST, CONST_LIST
CONST_LIST -> CONST, CONST_LIST
CONST_LIST -> CONST, CONST_LIST
LIST_EXPR -> LIST ( CONST_LIST )
EXPR -> LIST_EXPR
EXPR -> ASSIGNMENT_EXPR
TOKEN: SEMICOLON 		 LEXEME: ;
TOKEN: IDENT 		 LEXEME: sixth_banana
TOKEN: ASSIGN 		 LEXEME: =
INDEX ->  epsilon
ASSIGNMENT_EXPR -> IDENT INDEX ASSIGN EXPR
___Adding sixth_banana to symbol table
TOKEN: IDENT 		 LEXEME: banana
TOKEN: LBRACKET 		 LEXEME: [
TOKEN: LBRACKET 		 LEXEME: [
TOKEN: INTCONST 		 LEXEME: 1
CONST -> INTCONST
FACTOR -> CONST
TOKEN: RBRACKET 		 LEXEME: ]
MULT_OP_LIST -> epsilon
TERM -> FACTOR MULT_OP_LIST
ADD_OP_LIST -> epsilon
SIMPLE_ARITHLOGIC -> TERM ADD_OP_LIST
ARITHLOGIC_EXPR -> SIMPLE_ARITHLOGIC
EXPR -> ARITHLOGIC_EXPR
TOKEN: RBRACKET 		 LEXEME: ]
TOKEN: SEMICOLON 		 LEXEME: ;
SINGLE_ELEMENT -> IDENT [[ EXPR ]]
VAR -> SINGLE_ELEMENT
FACTOR -> VAR
MULT_OP_LIST -> epsilon
TERM -> FACTOR MULT_OP_LIST
ADD_OP_LIST -> epsilon
SIMPLE_ARITHLOGIC -> TERM ADD_OP_LIST
ARITHLOGIC_EXPR -> SIMPLE_ARITHLOGIC
EXPR -> ARITHLOGIC_EXPR
EXPR -> ASSIGNMENT_EXPR
TOKEN: PRINT 		 LEXEME: print
TOKEN: LPAREN 		 LEXEME: (
TOKEN: IDENT 		 LEXEME: sixth_banana
TOKEN: RPAREN 		 LEXEME: )
ENTIRE_VAR -> IDENT
VAR -> ENTIRE_VAR
FACTOR -> VAR
MULT_OP_LIST -> epsilon
TERM -> FACTOR MULT_OP_LIST
ADD_OP_LIST -> epsilon
SIMPLE_ARITHLOGIC -> TERM ADD_OP_LIST
ARITHLOGIC_EXPR -> SIMPLE_ARITHLOGIC
EXPR -> ARITHLOGIC_EXPR
OUTPUT_EXPR -> PRINT ( EXPR )
EXPR -> OUTPUT_EXPR
TOKEN: RBRACE 		 LEXEME: }
EXPR_LIST -> epsilon
EXPR_LIST -> ; EXPR EXPR_LIST
EXPR_LIST -> ; EXPR EXPR_LIST
COMPOUND_EXPR -> { EXPR EXPR_LIST }
EXPR -> COMPOUND_EXPR
START -> EXPR

___Exiting scope...


---- Completed parsing ----

