
___Entering new scope...

TOKEN: IDENT 		 LEXEME: pizza
TOKEN: ASSIGN 		 LEXEME: =
INDEX ->  epsilon
ASSIGNMENT_EXPR -> IDENT INDEX ASSIGN EXPR
___Adding pizza to symbol table
TOKEN: FUNCTION 		 LEXEME: function

___Entering new scope...

TOKEN: LPAREN 		 LEXEME: (
TOKEN: IDENT 		 LEXEME: three
TOKEN: COMMA 		 LEXEME: ,
TOKEN: IDENT 		 LEXEME: two
TOKEN: COMMA 		 LEXEME: ,
TOKEN: IDENT 		 LEXEME: one
TOKEN: RPAREN 		 LEXEME: )
PARAMS -> IDENT
___Adding one to symbol table
PARAMS -> IDENT, PARAMS
___Adding two to symbol table
PARAMS -> IDENT, PARAMS
___Adding three to symbol table
PARAM_LIST -> PARAMS
TOKEN: LBRACE 		 LEXEME: {
TOKEN: IDENT 		 LEXEME: three
TOKEN: ASSIGN 		 LEXEME: =
INDEX ->  epsilon
ASSIGNMENT_EXPR -> IDENT INDEX ASSIGN EXPR
TOKEN: STRCONST 		 LEXEME: "pepperoni"
CONST -> STRCONST
FACTOR -> CONST
TOKEN: SEMICOLON 		 LEXEME: ;
MULT_OP_LIST -> epsilon
TERM -> FACTOR MULT_OP_LIST
ADD_OP_LIST -> epsilon
SIMPLE_ARITHLOGIC -> TERM ADD_OP_LIST
ARITHLOGIC_EXPR -> SIMPLE_ARITHLOGIC
EXPR -> ARITHLOGIC_EXPR
EXPR -> ASSIGNMENT_EXPR
TOKEN: IDENT 		 LEXEME: pineapple
TOKEN: ASSIGN 		 LEXEME: =
INDEX ->  epsilon
ASSIGNMENT_EXPR -> IDENT INDEX ASSIGN EXPR
___Adding pineapple to symbol table
TOKEN: FUNCTION 		 LEXEME: function

___Entering new scope...

TOKEN: LPAREN 		 LEXEME: (
TOKEN: IDENT 		 LEXEME: topping
TOKEN: COMMA 		 LEXEME: ,
TOKEN: IDENT 		 LEXEME: sauce
TOKEN: RPAREN 		 LEXEME: )
PARAMS -> IDENT
___Adding sauce to symbol table
PARAMS -> IDENT, PARAMS
___Adding topping to symbol table
PARAM_LIST -> PARAMS
TOKEN: LBRACE 		 LEXEME: {
TOKEN: PRINT 		 LEXEME: print
TOKEN: LPAREN 		 LEXEME: (
TOKEN: IDENT 		 LEXEME: topping
TOKEN: RPAREN 		 LEXEME: )
ENTIRE_VAR -> IDENT
VAR -> ENTIRE_VAR
FACTOR -> VAR
MULT_OP_LIST -> epsilon
TERM -> FACTOR MULT_OP_LIST
ADD_OP_LIST -> epsilon
SIMPLE_ARITHLOGIC -> TERM ADD_OP_LIST
ARITHLOGIC_EXPR -> SIMPLE_ARITHLOGIC
EXPR -> ARITHLOGIC_EXPR
OUTPUT_EXPR -> PRINT ( EXPR )
EXPR -> OUTPUT_EXPR
TOKEN: SEMICOLON 		 LEXEME: ;
TOKEN: IDENT 		 LEXEME: sauce
TOKEN: ASSIGN 		 LEXEME: =
INDEX ->  epsilon
ASSIGNMENT_EXPR -> IDENT INDEX ASSIGN EXPR
TOKEN: IDENT 		 LEXEME: one
TOKEN: MOD 		 LEXEME: %%
ENTIRE_VAR -> IDENT
VAR -> ENTIRE_VAR
FACTOR -> VAR
MULT_OP -> %%
TOKEN: IDENT 		 LEXEME: two
TOKEN: RBRACE 		 LEXEME: }
ENTIRE_VAR -> IDENT
VAR -> ENTIRE_VAR
FACTOR -> VAR
MULT_OP_LIST -> epsilon
MULT_OP_LIST -> MULT_OP FACTOR MULT_OP_LIST
TERM -> FACTOR MULT_OP_LIST
ADD_OP_LIST -> epsilon
SIMPLE_ARITHLOGIC -> TERM ADD_OP_LIST
ARITHLOGIC_EXPR -> SIMPLE_ARITHLOGIC
EXPR -> ARITHLOGIC_EXPR
EXPR -> ASSIGNMENT_EXPR
EXPR_LIST -> epsilon
EXPR_LIST -> ; EXPR EXPR_LIST
COMPOUND_EXPR -> { EXPR EXPR_LIST }
FUNCTION_DEF -> FUNCTION ( PARAM_LIST ) COMPOUND_EXPR

___Exiting scope...

EXPR -> FUNCTION_DEF
EXPR -> ASSIGNMENT_EXPR
TOKEN: RBRACE 		 LEXEME: }
EXPR_LIST -> epsilon
EXPR_LIST -> ; EXPR EXPR_LIST
COMPOUND_EXPR -> { EXPR EXPR_LIST }
FUNCTION_DEF -> FUNCTION ( PARAM_LIST ) COMPOUND_EXPR

___Exiting scope...

EXPR -> FUNCTION_DEF
EXPR -> ASSIGNMENT_EXPR
START -> EXPR

___Exiting scope...


---- Completed parsing ----

