
___Entering new scope...

TOKEN: IDENT 		 LEXEME: banana
TOKEN: ASSIGN 		 LEXEME: =
INDEX ->  epsilon
ASSIGNMENT_EXPR -> IDENT INDEX ASSIGN EXPR
___Adding banana to symbol table
TOKEN: FUNCTION 		 LEXEME: function

___Entering new scope...

TOKEN: LPAREN 		 LEXEME: (
TOKEN: IDENT 		 LEXEME: x
TOKEN: COMMA 		 LEXEME: ,
TOKEN: IDENT 		 LEXEME: y
TOKEN: COMMA 		 LEXEME: ,
TOKEN: IDENT 		 LEXEME: x
TOKEN: RPAREN 		 LEXEME: )
PARAMS -> IDENT
___Adding x to symbol table
PARAMS -> IDENT, PARAMS
___Adding y to symbol table
PARAMS -> IDENT, PARAMS
___Adding x to symbol table
Line 1: Multiply defined identifier
